[11-Feb-2026 02:00:01] NOTICE: fpm is running, pid 292
[11-Feb-2026 02:00:01] NOTICE: ready to handle connections
[11-Feb-2026 18:07:22] WARNING: [pool www] server reached pm.max_children setting (5), consider raising it
[11-Feb-2026 18:07:53] WARNING: [pool www] child 294 exited with code 124 after 17029.419928 seconds from start
[11-Feb-2026 18:07:53] NOTICE: [pool www] child 325 started
[11-Feb-2026 18:08:18] NOTICE: Terminating ...
[11-Feb-2026 18:08:18] NOTICE: exiting, bye-bye!
[11-Feb-2026 18:08:26] NOTICE: fpm is running, pid 226
[11-Feb-2026 18:08:26] NOTICE: ready to handle connections
[11-Feb-2026 18:14:42] NOTICE: fpm is running, pid 225
[11-Feb-2026 18:14:42] NOTICE: ready to handle connections
[12-Feb-2026 10:50:28] NOTICE: fpm is running, pid 224
[12-Feb-2026 10:50:28] NOTICE: ready to handle connections
[12-Feb-2026 10:55:13] WARNING: [pool www] server reached pm.max_children setting (5), consider raising it
[12-Feb-2026 11:28:26] WARNING: [pool www] child 282 exited with code 124 after 2006.605912 seconds from start
[12-Feb-2026 11:28:26] NOTICE: [pool www] child 287 started
[12-Feb-2026 11:29:41] WARNING: [pool www] child 283 exited with code 124 after 2069.924392 seconds from start
[12-Feb-2026 11:29:41] NOTICE: [pool www] child 289 started
[12-Feb-2026 11:32:33] WARNING: [pool www] child 287 exited with code 124 after 246.417913 seconds from start
[12-Feb-2026 11:32:33] NOTICE: [pool www] child 291 started
[12-Feb-2026 11:36:50] WARNING: [pool www] child 289 exited with code 124 after 429.678914 seconds from start
[12-Feb-2026 11:36:50] NOTICE: [pool www] child 294 started
[12-Feb-2026 11:38:35] WARNING: [pool www] child 293 exited with code 124 after 107.393935 seconds from start
[12-Feb-2026 11:38:35] NOTICE: [pool www] child 295 started
[12-Feb-2026 11:39:17] WARNING: [pool www] child 292 exited with code 124 after 153.642036 seconds from start
[12-Feb-2026 11:39:17] NOTICE: [pool www] child 296 started
[12-Feb-2026 11:40:18] WARNING: [pool www] server reached pm.max_children setting (5), consider raising it
[12-Feb-2026 11:40:40] WARNING: [pool www] child 296 exited with code 124 after 83.038067 seconds from start
[12-Feb-2026 11:40:40] NOTICE: [pool www] child 299 started
[12-Feb-2026 11:41:17] WARNING: [pool www] child 298 exited with code 124 after 60.981769 seconds from start
[12-Feb-2026 11:41:17] NOTICE: [pool www] child 300 started
[12-Feb-2026 11:41:53] WARNING: [pool www] child 299 exited with code 124 after 72.257773 seconds from start
[12-Feb-2026 11:41:53] NOTICE: [pool www] child 301 started
[12-Feb-2026 11:42:28] WARNING: [pool www] child 295 exited with code 124 after 232.765316 seconds from start
[12-Feb-2026 11:42:28] NOTICE: [pool www] child 302 started
[12-Feb-2026 11:43:03] WARNING: [pool www] child 301 exited with code 124 after 70.861130 seconds from start
[12-Feb-2026 11:43:03] NOTICE: [pool www] child 303 started
[12-Feb-2026 11:43:33] WARNING: [pool www] server reached pm.max_children setting (5), consider raising it
[12-Feb-2026 11:43:50] WARNING: [pool www] child 300 exited with code 124 after 153.221939 seconds from start
[12-Feb-2026 11:43:50] NOTICE: [pool www] child 306 started
[12-Feb-2026 11:45:51] WARNING: [pool www] server reached pm.max_children setting (5), consider raising it
[12-Feb-2026 12:06:46] WARNING: [pool www] child 314 exited with code 124 after 750.840634 seconds from start
[12-Feb-2026 12:06:46] NOTICE: [pool www] child 318 started
[12-Feb-2026 12:07:43] WARNING: [pool www] child 313 exited with code 124 after 932.334062 seconds from start
[12-Feb-2026 12:07:43] NOTICE: [pool www] child 319 started
[12-Feb-2026 12:12:47] WARNING: [pool www] child 319 exited with code 124 after 304.184776 seconds from start
[12-Feb-2026 12:12:47] NOTICE: [pool www] child 321 started
[12-Feb-2026 12:13:36] WARNING: [pool www] child 318 exited with code 124 after 410.505873 seconds from start
[12-Feb-2026 12:13:36] NOTICE: [pool www] child 323 started
[12-Feb-2026 12:16:48] WARNING: [pool www] child 323 exited with code 124 after 191.452661 seconds from start
[12-Feb-2026 12:16:48] NOTICE: [pool www] child 334 started
[12-Feb-2026 12:16:55] NOTICE: Terminating ...
[12-Feb-2026 12:16:55] NOTICE: exiting, bye-bye!
[12-Feb-2026 12:17:01] NOTICE: fpm is running, pid 225
[12-Feb-2026 12:17:01] NOTICE: ready to handle connections
[12-Feb-2026 12:21:52] NOTICE: Terminating ...
[12-Feb-2026 12:21:52] NOTICE: exiting, bye-bye!
[12-Feb-2026 12:29:34] NOTICE: fpm is running, pid 224
[12-Feb-2026 12:29:34] NOTICE: ready to handle connections
[12-Feb-2026 12:30:10] WARNING: [pool www] server reached pm.max_children setting (5), consider raising it
[12-Feb-2026 12:34:51] WARNING: [pool www] child 282 exited with code 124 after 208.071141 seconds from start
[12-Feb-2026 12:34:51] NOTICE: [pool www] child 283 started
[12-Feb-2026 12:38:21] WARNING: [pool www] child 281 exited with code 124 after 485.475874 seconds from start
[12-Feb-2026 12:38:21] NOTICE: [pool www] child 284 started
[12-Feb-2026 12:41:46] NOTICE: Terminating ...
[12-Feb-2026 12:41:46] NOTICE: exiting, bye-bye!
[12-Feb-2026 13:32:24] NOTICE: fpm is running, pid 224
[12-Feb-2026 13:32:24] NOTICE: ready to handle connections
[12-Feb-2026 13:44:26] WARNING: [pool www] server reached pm.max_children setting (5), consider raising it
[12-Feb-2026 13:44:52] WARNING: [pool www] child 275 exited with code 124 after 748.466198 seconds from start
[12-Feb-2026 13:44:52] NOTICE: [pool www] child 280 started
[12-Feb-2026 13:46:13] WARNING: [pool www] child 276 exited with code 124 after 818.126716 seconds from start
[12-Feb-2026 13:46:13] NOTICE: [pool www] child 282 started
[12-Feb-2026 13:47:31] WARNING: [pool www] child 282 exited with code 124 after 78.333026 seconds from start
[12-Feb-2026 13:47:31] NOTICE: [pool www] child 285 started
[12-Feb-2026 13:48:07] WARNING: [pool www] child 279 exited with code 124 after 223.117285 seconds from start
[12-Feb-2026 13:48:07] NOTICE: [pool www] child 286 started
[12-Feb-2026 13:48:42] WARNING: [pool www] child 280 exited with code 124 after 229.734862 seconds from start
[12-Feb-2026 13:48:42] NOTICE: [pool www] child 287 started
[12-Feb-2026 13:50:30] WARNING: [pool www] child 285 exited with code 124 after 179.138041 seconds from start
[12-Feb-2026 13:50:30] NOTICE: [pool www] child 288 started
[12-Feb-2026 13:51:07] WARNING: [pool www] child 286 exited with code 124 after 180.694616 seconds from start
[12-Feb-2026 13:51:07] NOTICE: [pool www] child 290 started
[12-Feb-2026 13:51:28] NOTICE: Terminating ...
[12-Feb-2026 13:51:28] NOTICE: exiting, bye-bye!
[12-Feb-2026 14:24:39] NOTICE: fpm is running, pid 225
[12-Feb-2026 14:24:39] NOTICE: ready to handle connections
[12-Feb-2026 14:48:32] NOTICE: Terminating ...
[12-Feb-2026 14:48:32] NOTICE: exiting, bye-bye!
[12-Feb-2026 14:54:59] NOTICE: fpm is running, pid 226
[12-Feb-2026 14:54:59] NOTICE: ready to handle connections
[12-Feb-2026 14:58:32] NOTICE: Terminating ...
[12-Feb-2026 14:58:32] NOTICE: exiting, bye-bye!
[12-Feb-2026 15:07:58] NOTICE: fpm is running, pid 224
[12-Feb-2026 15:07:58] NOTICE: ready to handle connections
[12-Feb-2026 15:13:02] NOTICE: Terminating ...
[12-Feb-2026 15:13:02] NOTICE: exiting, bye-bye!
[12-Feb-2026 15:15:43] NOTICE: fpm is running, pid 229
[12-Feb-2026 15:15:43] NOTICE: ready to handle connections
[12-Feb-2026 15:19:10] NOTICE: Terminating ...
[12-Feb-2026 15:19:10] NOTICE: exiting, bye-bye!
[12-Feb-2026 15:22:50] NOTICE: fpm is running, pid 226
[12-Feb-2026 15:22:50] NOTICE: ready to handle connections
[12-Feb-2026 15:55:49] NOTICE: Terminating ...
[12-Feb-2026 15:55:49] NOTICE: exiting, bye-bye!
[12-Feb-2026 16:06:04] NOTICE: fpm is running, pid 226
[12-Feb-2026 16:06:04] NOTICE: ready to handle connections
[12-Feb-2026 16:09:09] NOTICE: Terminating ...
[12-Feb-2026 16:09:09] NOTICE: exiting, bye-bye!
[12-Feb-2026 16:11:35] NOTICE: fpm is running, pid 225
[12-Feb-2026 16:11:35] NOTICE: ready to handle connections
[12-Feb-2026 16:14:24] NOTICE: Terminating ...
[12-Feb-2026 16:14:24] NOTICE: exiting, bye-bye!
[12-Feb-2026 16:17:43] NOTICE: fpm is running, pid 225
[12-Feb-2026 16:17:43] NOTICE: ready to handle connections
[12-Feb-2026 16:20:01] NOTICE: Terminating ...
[12-Feb-2026 16:20:01] NOTICE: exiting, bye-bye!
[12-Feb-2026 16:22:58] NOTICE: fpm is running, pid 226
[12-Feb-2026 16:22:58] NOTICE: ready to handle connections
[12-Feb-2026 16:29:12] NOTICE: Terminating ...
[12-Feb-2026 16:29:12] NOTICE: exiting, bye-bye!
[12-Feb-2026 16:29:17] NOTICE: fpm is running, pid 225
[12-Feb-2026 16:29:17] NOTICE: ready to handle connections
[12-Feb-2026 16:31:30] NOTICE: Terminating ...
[12-Feb-2026 16:31:30] NOTICE: exiting, bye-bye!
[12-Feb-2026 16:34:49] NOTICE: fpm is running, pid 225
[12-Feb-2026 16:34:49] NOTICE: ready to handle connections
[12-Feb-2026 16:39:45] NOTICE: Terminating ...
[12-Feb-2026 16:39:45] NOTICE: exiting, bye-bye!
[12-Feb-2026 16:51:04] NOTICE: fpm is running, pid 225
[12-Feb-2026 16:51:04] NOTICE: ready to handle connections
[12-Feb-2026 17:03:10] WARNING: [pool www] server reached pm.max_children setting (5), consider raising it
[12-Feb-2026 17:13:48] WARNING: [pool www] server reached pm.max_children setting (5), consider raising it
[12-Feb-2026 17:30:44] WARNING: [pool www] server reached pm.max_children setting (5), consider raising it
[12-Feb-2026 17:48:39] WARNING: [pool www] server reached pm.max_children setting (5), consider raising it
[12-Feb-2026 17:58:34] WARNING: [pool www] server reached pm.max_children setting (5), consider raising it
[12-Feb-2026 18:21:39] WARNING: [pool www] server reached pm.max_children setting (5), consider raising it
[12-Feb-2026 19:06:05] WARNING: [pool www] server reached pm.max_children setting (5), consider raising it
[12-Feb-2026 19:20:01] WARNING: [pool www] server reached pm.max_children setting (5), consider raising it
[12-Feb-2026 19:30:37] WARNING: [pool www] server reached pm.max_children setting (5), consider raising it
[12-Feb-2026 19:38:17] WARNING: [pool www] server reached pm.max_children setting (5), consider raising it
[12-Feb-2026 19:58:59] WARNING: [pool www] server reached pm.max_children setting (5), consider raising it
[12-Feb-2026 20:05:16] WARNING: [pool www] server reached pm.max_children setting (5), consider raising it
[12-Feb-2026 20:23:27] WARNING: [pool www] server reached pm.max_children setting (5), consider raising it
[12-Feb-2026 21:04:19] WARNING: [pool www] server reached pm.max_children setting (5), consider raising it
[12-Feb-2026 21:17:38] WARNING: [pool www] server reached pm.max_children setting (5), consider raising it
[12-Feb-2026 21:33:03] WARNING: [pool www] server reached pm.max_children setting (5), consider raising it
[12-Feb-2026 21:34:49] WARNING: [pool www] server reached pm.max_children setting (5), consider raising it
[12-Feb-2026 21:41:45] WARNING: [pool www] server reached pm.max_children setting (5), consider raising it
[12-Feb-2026 21:43:30] WARNING: [pool www] server reached pm.max_children setting (5), consider raising it
[12-Feb-2026 21:55:10] WARNING: [pool www] server reached pm.max_children setting (5), consider raising it
[12-Feb-2026 21:55:13] WARNING: [pool www] server reached pm.max_children setting (5), consider raising it
[12-Feb-2026 22:04:46] WARNING: [pool www] server reached pm.max_children setting (5), consider raising it
[12-Feb-2026 22:08:26] WARNING: [pool www] server reached pm.max_children setting (5), consider raising it
[12-Feb-2026 22:14:04] WARNING: [pool www] server reached pm.max_children setting (5), consider raising it
[12-Feb-2026 22:22:11] WARNING: [pool www] server reached pm.max_children setting (5), consider raising it
[12-Feb-2026 22:27:21] WARNING: [pool www] server reached pm.max_children setting (5), consider raising it
[12-Feb-2026 22:34:46] WARNING: [pool www] server reached pm.max_children setting (5), consider raising it
[12-Feb-2026 22:35:30] WARNING: [pool www] server reached pm.max_children setting (5), consider raising it
[12-Feb-2026 22:47:37] WARNING: [pool www] server reached pm.max_children setting (5), consider raising it
[12-Feb-2026 22:49:45] WARNING: [pool www] server reached pm.max_children setting (5), consider raising it
[12-Feb-2026 22:57:39] WARNING: [pool www] server reached pm.max_children setting (5), consider raising it
[12-Feb-2026 23:08:20] WARNING: [pool www] server reached pm.max_children setting (5), consider raising it
[12-Feb-2026 23:13:34] WARNING: [pool www] server reached pm.max_children setting (5), consider raising it
[12-Feb-2026 23:23:28] WARNING: [pool www] server reached pm.max_children setting (5), consider raising it
[12-Feb-2026 23:30:46] WARNING: [pool www] server reached pm.max_children setting (5), consider raising it
[12-Feb-2026 23:30:50] WARNING: [pool www] server reached pm.max_children setting (5), consider raising it
[12-Feb-2026 23:35:13] WARNING: [pool www] server reached pm.max_children setting (5), consider raising it
[12-Feb-2026 23:36:56] WARNING: [pool www] server reached pm.max_children setting (5), consider raising it
[12-Feb-2026 23:37:14] WARNING: [pool www] server reached pm.max_children setting (5), consider raising it
[12-Feb-2026 23:37:41] WARNING: [pool www] server reached pm.max_children setting (5), consider raising it
[12-Feb-2026 23:46:19] WARNING: [pool www] server reached pm.max_children setting (5), consider raising it
[12-Feb-2026 23:48:35] WARNING: [pool www] server reached pm.max_children setting (5), consider raising it
[12-Feb-2026 23:50:50] WARNING: [pool www] server reached pm.max_children setting (5), consider raising it
[12-Feb-2026 23:57:21] WARNING: [pool www] server reached pm.max_children setting (5), consider raising it
[13-Feb-2026 00:05:44] WARNING: [pool www] server reached pm.max_children setting (5), consider raising it
[13-Feb-2026 00:07:44] WARNING: [pool www] server reached pm.max_children setting (5), consider raising it
[13-Feb-2026 00:10:47] WARNING: [pool www] server reached pm.max_children setting (5), consider raising it
[13-Feb-2026 00:29:02] NOTICE: Terminating ...
[13-Feb-2026 00:29:02] NOTICE: exiting, bye-bye!
[13-Feb-2026 02:02:21] NOTICE: fpm is running, pid 224
[13-Feb-2026 02:02:21] NOTICE: ready to handle connections
[13-Feb-2026 02:09:17] WARNING: [pool www] server reached pm.max_children setting (5), consider raising it
[13-Feb-2026 02:32:10] WARNING: [pool www] server reached pm.max_children setting (5), consider raising it
[13-Feb-2026 02:38:06] WARNING: [pool www] server reached pm.max_children setting (5), consider raising it
[13-Feb-2026 02:54:00] WARNING: [pool www] server reached pm.max_children setting (5), consider raising it
[13-Feb-2026 02:57:57] WARNING: [pool www] server reached pm.max_children setting (5), consider raising it
[13-Feb-2026 03:02:38] WARNING: [pool www] server reached pm.max_children setting (5), consider raising it
[13-Feb-2026 11:29:43] NOTICE: Terminating ...
[13-Feb-2026 11:29:43] NOTICE: exiting, bye-bye!
[13-Feb-2026 11:30:06] NOTICE: fpm is running, pid 224
[13-Feb-2026 11:30:06] NOTICE: ready to handle connections
[13-Feb-2026 11:30:22] WARNING: [pool www] server reached pm.max_children setting (5), consider raising it
[13-Feb-2026 11:39:10] WARNING: [pool www] server reached pm.max_children setting (5), consider raising it
[13-Feb-2026 12:46:28] WARNING: [pool www] server reached pm.max_children setting (5), consider raising it
[13-Feb-2026 12:53:23] WARNING: [pool www] server reached pm.max_children setting (5), consider raising it
[13-Feb-2026 14:57:50] WARNING: [pool www] server reached pm.max_children setting (5), consider raising it
[13-Feb-2026 18:06:47] WARNING: [pool www] server reached pm.max_children setting (5), consider raising it
[13-Feb-2026 18:38:26] WARNING: [pool www] server reached pm.max_children setting (5), consider raising it
[13-Feb-2026 19:09:53] WARNING: [pool www] server reached pm.max_children setting (5), consider raising it
[13-Feb-2026 19:28:07] WARNING: [pool www] server reached pm.max_children setting (5), consider raising it
[13-Feb-2026 20:07:22] WARNING: [pool www] server reached pm.max_children setting (5), consider raising it
[13-Feb-2026 20:11:48] WARNING: [pool www] server reached pm.max_children setting (5), consider raising it
[13-Feb-2026 20:21:50] WARNING: [pool www] server reached pm.max_children setting (5), consider raising it
[13-Feb-2026 20:32:01] WARNING: [pool www] server reached pm.max_children setting (5), consider raising it
[14-Feb-2026 00:01:49] WARNING: [pool www] server reached pm.max_children setting (5), consider raising it
[14-Feb-2026 00:01:53] WARNING: [pool www] server reached pm.max_children setting (5), consider raising it
[14-Feb-2026 00:06:07] WARNING: [pool www] server reached pm.max_children setting (5), consider raising it
[14-Feb-2026 00:10:03] WARNING: [pool www] server reached pm.max_children setting (5), consider raising it
[14-Feb-2026 00:21:48] WARNING: [pool www] server reached pm.max_children setting (5), consider raising it
[14-Feb-2026 00:32:45] WARNING: [pool www] server reached pm.max_children setting (5), consider raising it
[14-Feb-2026 00:32:50] WARNING: [pool www] server reached pm.max_children setting (5), consider raising it
[14-Feb-2026 00:36:01] WARNING: [pool www] server reached pm.max_children setting (5), consider raising it
[14-Feb-2026 01:36:25] NOTICE: Terminating ...
[14-Feb-2026 01:36:25] NOTICE: exiting, bye-bye!
[14-Feb-2026 10:22:35] NOTICE: fpm is running, pid 225
[14-Feb-2026 10:22:35] NOTICE: ready to handle connections
[14-Feb-2026 10:22:55] WARNING: [pool www] server reached pm.max_children setting (5), consider raising it
[14-Feb-2026 10:24:33] WARNING: [pool www] server reached pm.max_children setting (5), consider raising it
[14-Feb-2026 10:33:19] WARNING: [pool www] server reached pm.max_children setting (5), consider raising it
[14-Feb-2026 10:36:44] WARNING: [pool www] server reached pm.max_children setting (5), consider raising it
[14-Feb-2026 11:16:56] WARNING: [pool www] server reached pm.max_children setting (5), consider raising it
[14-Feb-2026 12:03:39] WARNING: [pool www] server reached pm.max_children setting (5), consider raising it
[14-Feb-2026 12:06:30] WARNING: [pool www] server reached pm.max_children setting (5), consider raising it
[14-Feb-2026 13:30:17] WARNING: [pool www] server reached pm.max_children setting (5), consider raising it
[14-Feb-2026 16:08:14] WARNING: [pool www] server reached pm.max_children setting (5), consider raising it
[14-Feb-2026 16:23:09] WARNING: [pool www] server reached pm.max_children setting (5), consider raising it
[14-Feb-2026 16:32:28] WARNING: [pool www] server reached pm.max_children setting (5), consider raising it
[14-Feb-2026 16:47:00] WARNING: [pool www] server reached pm.max_children setting (5), consider raising it
